{
  "uid" : "2da3850cb578ff3c",
  "name" : "test_delete_item_from_basket",
  "fullName" : "untitled1.Stepik_Course_Autotests.module_5.test_product_page.TestProductPage#test_delete_item_from_basket",
  "historyId" : "222aee0e46585f14620d555396345386",
  "time" : {
    "start" : 1608827234837,
    "stop" : 1608827238969,
    "duration" : 4132
  },
  "status" : "skipped",
  "statusMessage" : "XFAIL won`t fix\n\nAssertionError",
  "statusTrace" : "self = <module_5.test_product_page.TestProductPage object at 0x7f3f008e48d0>\nbrowser = <selenium.webdriver.chrome.webdriver.WebDriver (session=\"416a07e787ea8737591725b8095c65a2\")>\n\n    @pytest.mark.xfail(reason='won`t fix')\n    def test_delete_item_from_basket(self, browser):\n        page = ProductPage(browser, link)\n        page.open()\n        page.add_product_to_basket()\n>       page.delete_item_from_basket()\n\n../untitled1/Stepik_Course_Autotests/module_5/test_product_page.py:35: \n_ _ _ _ _ _ _ _ _ _ _ _ _ _ _ _ _ _ _ _ _ _ _ _ _ _ _ _ _ _ _ _ _ _ _ _ _ _ _ _ _ _ _ _ _ _ _ _ _ _ _ _ _ _ _ _ _ _ _ _ _ _ _ _ _ _ _ _ _ _ _ _ _ _ _ _ _ _ _ _ _ _ _\n\nself = <module_5.pages.product_page.ProductPage object at 0x7f3f008e4630>\n\n    def delete_item_from_basket(self):\n        self.browser.find_element(*ProductPageLocators.VIEW_BASKET).click()\n        self.browser.find_element(*ProductPageLocators.DELETE_FROM_BASKET).click()\n    \n>       assert self.is_not_element_present(*ProductPageLocators.BASKET_RESULT)\nE       AssertionError\n\n../untitled1/Stepik_Course_Autotests/module_5/pages/product_page.py:46: AssertionError",
  "flaky" : false,
  "newFailed" : false,
  "beforeStages" : [ {
    "name" : "browser",
    "time" : {
      "start" : 1608827233439,
      "stop" : 1608827234835,
      "duration" : 1396
    },
    "status" : "passed",
    "steps" : [ ],
    "attachments" : [ ],
    "parameters" : [ ],
    "stepsCount" : 0,
    "attachmentsCount" : 0,
    "shouldDisplayMessage" : false,
    "hasContent" : false
  } ],
  "testStage" : {
    "status" : "skipped",
    "statusMessage" : "XFAIL won`t fix\n\nAssertionError",
    "statusTrace" : "self = <module_5.test_product_page.TestProductPage object at 0x7f3f008e48d0>\nbrowser = <selenium.webdriver.chrome.webdriver.WebDriver (session=\"416a07e787ea8737591725b8095c65a2\")>\n\n    @pytest.mark.xfail(reason='won`t fix')\n    def test_delete_item_from_basket(self, browser):\n        page = ProductPage(browser, link)\n        page.open()\n        page.add_product_to_basket()\n>       page.delete_item_from_basket()\n\n../untitled1/Stepik_Course_Autotests/module_5/test_product_page.py:35: \n_ _ _ _ _ _ _ _ _ _ _ _ _ _ _ _ _ _ _ _ _ _ _ _ _ _ _ _ _ _ _ _ _ _ _ _ _ _ _ _ _ _ _ _ _ _ _ _ _ _ _ _ _ _ _ _ _ _ _ _ _ _ _ _ _ _ _ _ _ _ _ _ _ _ _ _ _ _ _ _ _ _ _\n\nself = <module_5.pages.product_page.ProductPage object at 0x7f3f008e4630>\n\n    def delete_item_from_basket(self):\n        self.browser.find_element(*ProductPageLocators.VIEW_BASKET).click()\n        self.browser.find_element(*ProductPageLocators.DELETE_FROM_BASKET).click()\n    \n>       assert self.is_not_element_present(*ProductPageLocators.BASKET_RESULT)\nE       AssertionError\n\n../untitled1/Stepik_Course_Autotests/module_5/pages/product_page.py:46: AssertionError",
    "steps" : [ ],
    "attachments" : [ {
      "uid" : "3bbd2974e67a8dc5",
      "name" : "stdout",
      "source" : "3bbd2974e67a8dc5.txt",
      "type" : "text/plain",
      "size" : 41
    } ],
    "parameters" : [ ],
    "stepsCount" : 0,
    "attachmentsCount" : 1,
    "shouldDisplayMessage" : true,
    "hasContent" : true
  },
  "afterStages" : [ {
    "name" : "browser::0",
    "time" : {
      "start" : 1608827238975,
      "stop" : 1608827239035,
      "duration" : 60
    },
    "status" : "passed",
    "steps" : [ ],
    "attachments" : [ ],
    "parameters" : [ ],
    "stepsCount" : 0,
    "attachmentsCount" : 0,
    "shouldDisplayMessage" : false,
    "hasContent" : false
  } ],
  "labels" : [ {
    "name" : "tag",
    "value" : "@pytest.mark.xfail(reason='won`t fix')"
  }, {
    "name" : "parentSuite",
    "value" : "untitled1.Stepik_Course_Autotests.module_5"
  }, {
    "name" : "suite",
    "value" : "test_product_page"
  }, {
    "name" : "subSuite",
    "value" : "TestProductPage"
  }, {
    "name" : "host",
    "value" : "polina-ThinkPad-T420"
  }, {
    "name" : "thread",
    "value" : "8087-MainThread"
  }, {
    "name" : "framework",
    "value" : "pytest"
  }, {
    "name" : "language",
    "value" : "cpython3"
  }, {
    "name" : "package",
    "value" : "untitled1.Stepik_Course_Autotests.module_5.test_product_page"
  }, {
    "name" : "resultFormat",
    "value" : "allure2"
  } ],
  "parameters" : [ ],
  "links" : [ ],
  "hidden" : false,
  "retry" : false,
  "extra" : {
    "severity" : "normal",
    "retries" : [ {
      "uid" : "ec12389b7a63e15a",
      "status" : "skipped",
      "statusDetails" : "XFAIL won`t fix\n\n_pytest.config.exceptions.UsageError: Test should contain language",
      "time" : {
        "start" : 1608827184123,
        "stop" : 1608827184123,
        "duration" : 0
      }
    } ],
    "categories" : [ ],
    "tags" : [ "@pytest.mark.xfail(reason='won`t fix')" ]
  },
  "source" : "2da3850cb578ff3c.json",
  "parameterValues" : [ ]
}