{
  "uid" : "8ccbf194714b27d8",
  "name" : "test_message_disappeared_after_adding_product_to_basket",
  "fullName" : "untitled1.Stepik_Course_Autotests.module_5.test_product_page.TestProductPage#test_message_disappeared_after_adding_product_to_basket",
  "historyId" : "a9ae61cb3b7ce4f002ca79d64b518624",
  "time" : {
    "start" : 1608827229716,
    "stop" : 1608827233331,
    "duration" : 3615
  },
  "status" : "skipped",
  "statusMessage" : "XFAIL fixing in progress\n\nAssertionError",
  "statusTrace" : "self = <module_5.test_product_page.TestProductPage object at 0x7f3f00bc0ba8>\nbrowser = <selenium.webdriver.chrome.webdriver.WebDriver (session=\"339b8f8b552f84855080fa45daff9543\")>\n\n    @pytest.mark.xfail(reason=\"fixing in progress\")\n    def test_message_disappeared_after_adding_product_to_basket(self, browser):\n        page = ProductPage(browser, link)\n        page.open()\n        page.add_product_to_basket()\n>       page.should_be_disappeared()\n\n../untitled1/Stepik_Course_Autotests/module_5/test_product_page.py:28: \n_ _ _ _ _ _ _ _ _ _ _ _ _ _ _ _ _ _ _ _ _ _ _ _ _ _ _ _ _ _ _ _ _ _ _ _ _ _ _ _ _ _ _ _ _ _ _ _ _ _ _ _ _ _ _ _ _ _ _ _ _ _ _ _ _ _ _ _ _ _ _ _ _ _ _ _ _ _ _ _ _ _ _\n\nself = <module_5.pages.product_page.ProductPage object at 0x7f3f00b72710>\n\n    def should_be_disappeared(self):\n>       assert self.is_not_element_present(*ProductPageLocators.ALERT_MESSAGE)\nE       AssertionError\n\n../untitled1/Stepik_Course_Autotests/module_5/pages/product_page.py:40: AssertionError",
  "flaky" : false,
  "newFailed" : false,
  "beforeStages" : [ {
    "name" : "browser",
    "time" : {
      "start" : 1608827228285,
      "stop" : 1608827229715,
      "duration" : 1430
    },
    "status" : "passed",
    "steps" : [ ],
    "attachments" : [ ],
    "parameters" : [ ],
    "stepsCount" : 0,
    "attachmentsCount" : 0,
    "shouldDisplayMessage" : false,
    "hasContent" : false
  } ],
  "testStage" : {
    "status" : "skipped",
    "statusMessage" : "XFAIL fixing in progress\n\nAssertionError",
    "statusTrace" : "self = <module_5.test_product_page.TestProductPage object at 0x7f3f00bc0ba8>\nbrowser = <selenium.webdriver.chrome.webdriver.WebDriver (session=\"339b8f8b552f84855080fa45daff9543\")>\n\n    @pytest.mark.xfail(reason=\"fixing in progress\")\n    def test_message_disappeared_after_adding_product_to_basket(self, browser):\n        page = ProductPage(browser, link)\n        page.open()\n        page.add_product_to_basket()\n>       page.should_be_disappeared()\n\n../untitled1/Stepik_Course_Autotests/module_5/test_product_page.py:28: \n_ _ _ _ _ _ _ _ _ _ _ _ _ _ _ _ _ _ _ _ _ _ _ _ _ _ _ _ _ _ _ _ _ _ _ _ _ _ _ _ _ _ _ _ _ _ _ _ _ _ _ _ _ _ _ _ _ _ _ _ _ _ _ _ _ _ _ _ _ _ _ _ _ _ _ _ _ _ _ _ _ _ _\n\nself = <module_5.pages.product_page.ProductPage object at 0x7f3f00b72710>\n\n    def should_be_disappeared(self):\n>       assert self.is_not_element_present(*ProductPageLocators.ALERT_MESSAGE)\nE       AssertionError\n\n../untitled1/Stepik_Course_Autotests/module_5/pages/product_page.py:40: AssertionError",
    "steps" : [ ],
    "attachments" : [ {
      "uid" : "50f005c127545c2",
      "name" : "stdout",
      "source" : "50f005c127545c2.txt",
      "type" : "text/plain",
      "size" : 41
    } ],
    "parameters" : [ ],
    "stepsCount" : 0,
    "attachmentsCount" : 1,
    "shouldDisplayMessage" : true,
    "hasContent" : true
  },
  "afterStages" : [ {
    "name" : "browser::0",
    "time" : {
      "start" : 1608827233377,
      "stop" : 1608827233436,
      "duration" : 59
    },
    "status" : "passed",
    "steps" : [ ],
    "attachments" : [ ],
    "parameters" : [ ],
    "stepsCount" : 0,
    "attachmentsCount" : 0,
    "shouldDisplayMessage" : false,
    "hasContent" : false
  } ],
  "labels" : [ {
    "name" : "tag",
    "value" : "@pytest.mark.xfail(reason='fixing in progress')"
  }, {
    "name" : "parentSuite",
    "value" : "untitled1.Stepik_Course_Autotests.module_5"
  }, {
    "name" : "suite",
    "value" : "test_product_page"
  }, {
    "name" : "subSuite",
    "value" : "TestProductPage"
  }, {
    "name" : "host",
    "value" : "polina-ThinkPad-T420"
  }, {
    "name" : "thread",
    "value" : "8087-MainThread"
  }, {
    "name" : "framework",
    "value" : "pytest"
  }, {
    "name" : "language",
    "value" : "cpython3"
  }, {
    "name" : "package",
    "value" : "untitled1.Stepik_Course_Autotests.module_5.test_product_page"
  }, {
    "name" : "resultFormat",
    "value" : "allure2"
  } ],
  "parameters" : [ ],
  "links" : [ ],
  "hidden" : false,
  "retry" : false,
  "extra" : {
    "severity" : "normal",
    "retries" : [ {
      "uid" : "c3c92c98ac08d65c",
      "status" : "skipped",
      "statusDetails" : "XFAIL fixing in progress\n\n_pytest.config.exceptions.UsageError: Test should contain language",
      "time" : {
        "start" : 1608827184115,
        "stop" : 1608827184115,
        "duration" : 0
      }
    } ],
    "categories" : [ ],
    "tags" : [ "@pytest.mark.xfail(reason='fixing in progress')" ]
  },
  "source" : "8ccbf194714b27d8.json",
  "parameterValues" : [ ]
}